[debug] [2021-11-08T21:04:54.196Z] ----------------------------------------------------------------------
[debug] [2021-11-08T21:04:54.198Z] Command:       /usr/local/bin/node /usr/local/bin/firebase init
[debug] [2021-11-08T21:04:54.199Z] CLI Version:   9.16.0
[debug] [2021-11-08T21:04:54.199Z] Platform:      darwin
[debug] [2021-11-08T21:04:54.199Z] Node Version:  v14.17.3
[debug] [2021-11-08T21:04:54.206Z] Time:          Mon Nov 08 2021 15:04:54 GMT-0600 (Central Standard Time)
[debug] [2021-11-08T21:04:54.206Z] ----------------------------------------------------------------------
[debug] 
[debug] [2021-11-08T21:04:54.212Z] > command requires scopes: ["email","openid","https://www.googleapis.com/auth/cloudplatformprojects.readonly","https://www.googleapis.com/auth/firebase","https://www.googleapis.com/auth/cloud-platform"]
[debug] [2021-11-08T21:04:54.212Z] > authorizing via signed-in user (tanner44rattler@gmail.com)
[info] 
     ######## #### ########  ######## ########     ###     ######  ########
     ##        ##  ##     ## ##       ##     ##  ##   ##  ##       ##
     ######    ##  ########  ######   ########  #########  ######  ######
     ##        ##  ##    ##  ##       ##     ## ##     ##       ## ##
     ##       #### ##     ## ######## ########  ##     ##  ######  ########

You're about to initialize a Firebase project in this directory:

  /Users/Schafer/Desktop/Personal Website

[debug] [2021-11-27T05:37:46.024Z] ----------------------------------------------------------------------
[debug] [2021-11-27T05:37:46.027Z] Command:       /usr/local/bin/node /usr/local/bin/firebase init
[debug] [2021-11-27T05:37:46.027Z] CLI Version:   9.23.0
[debug] [2021-11-27T05:37:46.027Z] Platform:      darwin
[debug] [2021-11-27T05:37:46.027Z] Node Version:  v14.17.3
[debug] [2021-11-27T05:37:46.033Z] Time:          Fri Nov 26 2021 23:37:46 GMT-0600 (Central Standard Time)
[debug] [2021-11-27T05:37:46.033Z] ----------------------------------------------------------------------
[debug] 
[debug] [2021-11-27T05:37:46.036Z] >>> [apiv2][query] GET https://firebase-public.firebaseio.com/cli.json [none]
[debug] [2021-11-27T05:37:46.062Z] > command requires scopes: ["email","openid","https://www.googleapis.com/auth/cloudplatformprojects.readonly","https://www.googleapis.com/auth/firebase","https://www.googleapis.com/auth/cloud-platform"]
[debug] [2021-11-27T05:37:46.062Z] > authorizing via signed-in user (tanner44rattler@gmail.com)
[info] 
     ######## #### ########  ######## ########     ###     ######  ########
     ##        ##  ##     ## ##       ##     ##  ##   ##  ##       ##
     ######    ##  ########  ######   ########  #########  ######  ######
     ##        ##  ##    ##  ##       ##     ## ##     ##       ## ##
     ##       #### ##     ## ######## ########  ##     ##  ######  ########

You're about to initialize a Firebase project in this directory:

  /Users/Schafer/Desktop/Personal Website

[debug] [2021-11-27T05:37:46.651Z] <<< [apiv2][status] GET https://firebase-public.firebaseio.com/cli.json 200
[debug] [2021-11-27T05:37:46.652Z] <<< [apiv2][body] GET https://firebase-public.firebaseio.com/cli.json {"cloudBuildErrorAfter":1594252800000,"cloudBuildWarnAfter":1590019200000,"defaultNode10After":1594252800000,"minVersion":"3.0.5","node8DeploysDisabledAfter":1613390400000,"node8RuntimeDisabledAfter":1615809600000,"node8WarnAfter":1600128000000}
